#
# A fatal error has been detected by the Java Runtime Environment:
#
#  EXCEPTION_ACCESS_VIOLATION (0xc0000005) at pc=0x000000006da0bbab, pid=7544, tid=7272
#
# JRE version: 6.0_43-b01
# Java VM: Java HotSpot(TM) 64-Bit Server VM (20.14-b01 mixed mode windows-amd64 compressed oops)
# Problematic frame:
# V  [jvm.dll+0x14bbab]
#
# If you would like to submit a bug report, please visit:
#   http://java.sun.com/webapps/bugreport/crash.jsp
#

---------------  T H R E A D  ---------------

Current thread (0x000000000687d800):  JavaThread "JDWP Transport Listener: dt_socket" daemon [_thread_in_vm, id=7272, stack(0x0000000006f50000,0x0000000007050000)]

siginfo: ExceptionCode=0xc0000005, reading address 0xffffffffffffffff

Registers:
RAX=0x000000000704f901, RBX=0x000000000687d800, RCX=0x003b6e6100003b65, RDX=0x000000000687d800
RSP=0x000000000704f8e0, RBP=0x003b6e6100003b65, RSI=0x000000000704f9c0, RDI=0x00000000005e7ef0
R8 =0x000000000704f9c0, R9 =0x0000000000000001, R10=0x0000000000000000, R11=0x000000000704fc05
R12=0x0000000000000001, R13=0x0000000000000000, R14=0x0000000000000000, R15=0x0000000000000000
RIP=0x000000006da0bbab, EFLAGS=0x0000000000010206

Top of Stack: (sp=0x000000000704f8e0)
0x000000000704f8e0:   0000000000000000 000000006d4e54d3
0x000000000704f8f0:   000000000704faf0 000000006dbcd485
0x000000000704f900:   000000000687d800 000000006dbec6fa
0x000000000704f910:   0000000000000000 000000000687d800
0x000000000704f920:   000000000704f9c0 000000006d4e0d69
0x000000000704f930:   000000000687d800 0000000000000000
0x000000000704f940:   0000000000000000 0000000000000000
0x000000000704f950:   0000000000000001 000000006d4dff6e
0x000000000704f960:   000000000704f9c0 000000000688ad48
0x000000000704f970:   0000000000000001 003b6e6100003b65
0x000000000704f980:   0000000000000001 003b6e6100003b65
0x000000000704f990:   000000000704faf0 000000006d4c4f64
0x000000000704f9a0:   000000000704faf0 004a3c000a000000
0x000000000704f9b0:   000000000030ca10 0000000000000000
0x000000000704f9c0:   0000000a0704fa00 0000000000000000
0x000000000704f9d0:   0000000000000000 0000000000000000 

Instructions: (pc=0x000000006da0bbab)
0x000000006da0bb8b:   7c 24 48 48 83 c4 28 c3 cc cc cc cc cc cc cc cc
0x000000006da0bb9b:   cc cc cc cc cc 48 53 48 83 ec 20 48 85 c9 74 55
0x000000006da0bbab:   48 8b 19 48 85 db 74 4d 48 b8 fe fe fe fe fe fe
0x000000006da0bbbb:   fe fe 48 3b d8 74 3e 80 3d 07 2e 5f 00 00 74 16 


Register to memory mapping:

RAX=0x000000000704f901 is pointing into the stack for thread: 0x000000000687d800
RBX=0x000000000687d800 is a thread
RCX=0x003b6e6100003b65 is an unknown value
RDX=0x000000000687d800 is a thread
RSP=0x000000000704f8e0 is pointing into the stack for thread: 0x000000000687d800
RBP=0x003b6e6100003b65 is an unknown value
RSI=0x000000000704f9c0 is pointing into the stack for thread: 0x000000000687d800
RDI=0x00000000005e7ef0 is an unknown value
R8 =0x000000000704f9c0 is pointing into the stack for thread: 0x000000000687d800
R9 =0x0000000000000001 is an unknown value
R10=0x0000000000000000 is an unknown value
R11=0x000000000704fc05 is pointing into the stack for thread: 0x000000000687d800
R12=0x0000000000000001 is an unknown value
R13=0x0000000000000000 is an unknown value
R14=0x0000000000000000 is an unknown value
R15=0x0000000000000000 is an unknown value


Stack: [0x0000000006f50000,0x0000000007050000],  sp=0x000000000704f8e0,  free space=1022k
Native frames: (J=compiled Java code, j=interpreted, Vv=VM code, C=native code)
V  [jvm.dll+0x14bbab]


---------------  P R O C E S S  ---------------

Java Threads: ( => current thread )
  0x00000000005ed800 JavaThread "DestroyJavaVM" [_thread_blocked, id=5868, stack(0x0000000002350000,0x0000000002450000)]
  0x0000000008c6d000 JavaThread "commitScheduler-6-thread-1" [_thread_blocked, id=7176, stack(0x00000000084b0000,0x00000000085b0000)]
  0x0000000008483800 JavaThread "Thread-1" [_thread_blocked, id=6364, stack(0x0000000009680000,0x0000000009780000)]
  0x0000000008c72800 JavaThread "searcherExecutor-4-thread-1" [_thread_blocked, id=8100, stack(0x0000000009580000,0x0000000009680000)]
  0x00000000068a5000 JavaThread "Low Memory Detector" daemon [_thread_blocked, id=980, stack(0x00000000076b0000,0x00000000077b0000)]
  0x000000000689e800 JavaThread "C2 CompilerThread1" daemon [_thread_blocked, id=5176, stack(0x00000000075b0000,0x00000000076b0000)]
  0x000000000689a000 JavaThread "C2 CompilerThread0" daemon [_thread_blocked, id=200, stack(0x00000000074b0000,0x00000000075b0000)]
  0x000000000688c800 JavaThread "JDWP Command Reader" daemon [_thread_in_native, id=644, stack(0x00000000073b0000,0x00000000074b0000)]
  0x0000000006889000 JavaThread "JDWP Event Helper Thread" daemon [_thread_blocked, id=8012, stack(0x0000000007150000,0x0000000007250000)]
=>0x000000000687d800 JavaThread "JDWP Transport Listener: dt_socket" daemon [_thread_in_vm, id=7272, stack(0x0000000006f50000,0x0000000007050000)]
  0x0000000006877000 JavaThread "Attach Listener" daemon [_thread_blocked, id=7324, stack(0x0000000006b20000,0x0000000006c20000)]
  0x0000000006872000 JavaThread "Signal Dispatcher" daemon [_thread_blocked, id=6264, stack(0x0000000006a20000,0x0000000006b20000)]
  0x00000000003c8800 JavaThread "Finalizer" daemon [_thread_blocked, id=7188, stack(0x0000000006720000,0x0000000006820000)]
  0x00000000003c7000 JavaThread "Reference Handler" daemon [_thread_blocked, id=3432, stack(0x0000000006620000,0x0000000006720000)]

Other Threads:
  0x00000000003c0800 VMThread [stack: 0x0000000006520000,0x0000000006620000] [id=7456]
  0x00000000068c0000 WatcherThread [stack: 0x00000000077b0000,0x00000000078b0000] [id=7576]

VM state:not at safepoint (normal execution)

VM Mutex/Monitor currently owned by a thread: None

Heap
 PSYoungGen      total 67648K, used 10144K [0x00000007d6600000, 0x00000007de9e0000, 0x0000000800000000)
  eden space 63936K, 13% used [0x00000007d6600000,0x00000007d6e28310,0x00000007da470000)
  from space 3712K, 48% used [0x00000007da470000,0x00000007da630090,0x00000007da810000)
  to   space 3584K, 0% used [0x00000007de660000,0x00000007de660000,0x00000007de9e0000)
 PSOldGen        total 85248K, used 1768K [0x0000000783200000, 0x0000000788540000, 0x00000007d6600000)
  object space 85248K, 2% used [0x0000000783200000,0x00000007833ba160,0x0000000788540000)
 PSPermGen       total 24896K, used 24837K [0x000000077e000000, 0x000000077f850000, 0x0000000783200000)
  object space 24896K, 99% used [0x000000077e000000,0x000000077f8417b8,0x000000077f850000)

Code Cache  [0x0000000002450000, 0x00000000026c0000, 0x0000000005450000)
 total_blobs=581 nmethods=235 adapters=307 free_code_cache=49174848 largest_free_block=8512

Dynamic libraries:
0x0000000000400000 - 0x000000000042f000 	E:\Program Files\Java\jdk1.6.0_43\bin\javaw.exe
0x0000000077ab0000 - 0x0000000077c5b000 	C:\Windows\SYSTEM32\ntdll.dll
0x0000000077990000 - 0x0000000077aaf000 	C:\Windows\system32\kernel32.dll
0x000007fefdc90000 - 0x000007fefdcfb000 	C:\Windows\system32\KERNELBASE.dll
0x000007fefee50000 - 0x000007fefef2b000 	C:\Windows\system32\ADVAPI32.dll
0x000007feffd20000 - 0x000007feffdbf000 	C:\Windows\system32\msvcrt.dll
0x000007fefeb90000 - 0x000007fefebaf000 	C:\Windows\SYSTEM32\sechost.dll
0x000007fefef30000 - 0x000007feff05e000 	C:\Windows\system32\RPCRT4.dll
0x0000000077890000 - 0x000000007798a000 	C:\Windows\system32\USER32.dll
0x000007fefebe0000 - 0x000007fefec47000 	C:\Windows\system32\GDI32.dll
0x000007fefddf0000 - 0x000007fefddfe000 	C:\Windows\system32\LPK.dll
0x000007feffc30000 - 0x000007feffcfa000 	C:\Windows\system32\USP10.dll
0x000007fefebb0000 - 0x000007fefebde000 	C:\Windows\system32\IMM32.DLL
0x000007feff0e0000 - 0x000007feff1e9000 	C:\Windows\system32\MSCTF.dll
0x000000006d8c0000 - 0x000000006e07c000 	E:\Program Files\Java\jdk1.6.0_43\jre\bin\server\jvm.dll
0x000007fefb410000 - 0x000007fefb44b000 	C:\Windows\system32\WINMM.dll
0x000000006d830000 - 0x000000006d83e000 	E:\Program Files\Java\jdk1.6.0_43\jre\bin\verify.dll
0x000000006d450000 - 0x000000006d477000 	E:\Program Files\Java\jdk1.6.0_43\jre\bin\java.dll
0x000000006d4c0000 - 0x000000006d4f4000 	E:\Program Files\Java\jdk1.6.0_43\jre\bin\jdwp.dll
0x000000006d6e0000 - 0x000000006d6e8000 	E:\Program Files\Java\jdk1.6.0_43\jre\bin\npt.dll
0x000000006d880000 - 0x000000006d892000 	E:\Program Files\Java\jdk1.6.0_43\jre\bin\zip.dll
0x000000006d310000 - 0x000000006d319000 	E:\Program Files\Java\jdk1.6.0_43\jre\bin\dt_socket.dll
0x000007feff540000 - 0x000007feff58d000 	C:\Windows\system32\WS2_32.dll
0x000007fefdde0000 - 0x000007fefdde8000 	C:\Windows\system32\NSI.dll
0x000007fefbff0000 - 0x000007fefc005000 	C:\Windows\system32\NLAapi.dll
0x000007fefd280000 - 0x000007fefd2d4000 	C:\Windows\System32\mswsock.dll
0x000007fefd100000 - 0x000007fefd15b000 	C:\Windows\system32\DNSAPI.dll
0x000007fef6be0000 - 0x000007fef6beb000 	C:\Windows\System32\winrnr.dll
0x000007fef6ba0000 - 0x000007fef6bb5000 	C:\Windows\system32\napinsp.dll
0x000007fef6b80000 - 0x000007fef6b99000 	C:\Windows\system32\pnrpnsp.dll
0x000007fef6b70000 - 0x000007fef6b80000 	C:\Windows\system32\wshbth.dll
0x000007fefb8b0000 - 0x000007fefb8d7000 	C:\Windows\system32\IPHLPAPI.DLL
0x000007fefb8a0000 - 0x000007fefb8ab000 	C:\Windows\system32\WINNSI.DLL
0x000007fefb750000 - 0x000007fefb7a3000 	C:\Windows\System32\fwpuclnt.dll
0x000007fef6f20000 - 0x000007fef6f28000 	C:\Windows\system32\rasadhlp.dll
0x000007fefcc50000 - 0x000007fefcc57000 	C:\Windows\System32\wshtcpip.dll
0x000007fefd2e0000 - 0x000007fefd2f7000 	C:\Windows\system32\CRYPTSP.dll
0x000007fefcfe0000 - 0x000007fefd027000 	C:\Windows\system32\rsaenh.dll
0x000007fefcd50000 - 0x000007fefcd6e000 	C:\Windows\system32\USERENV.dll
0x000007fefda10000 - 0x000007fefda1f000 	C:\Windows\system32\profapi.dll
0x000007fefd940000 - 0x000007fefd94f000 	C:\Windows\system32\CRYPTBASE.dll
0x000000006d6b0000 - 0x000000006d6c7000 	E:\Program Files\Java\jdk1.6.0_43\jre\bin\net.dll
0x000007fefd270000 - 0x000007fefd277000 	C:\Windows\System32\wship6.dll
0x000000006d5f0000 - 0x000000006d5fa000 	E:\Program Files\Java\jdk1.6.0_43\jre\bin\management.dll
0x000000006d6d0000 - 0x000000006d6dc000 	E:\Program Files\Java\jdk1.6.0_43\jre\bin\nio.dll
0x0000000077c80000 - 0x0000000077c87000 	C:\Windows\system32\PSAPI.DLL

VM Arguments:
jvm_args: -agentlib:jdwp=transport=dt_socket,suspend=y,address=localhost:3583 -Dfile.encoding=UTF-8 
java_command: org.openmrs.EmbeddedSolrTest.App
Launcher Type: SUN_STANDARD

Environment Variables:
JAVA_HOME=E:\Program Files\Java\jdk1.6.0_43
JRE_HOME=E:\Program Files\Java\jre6
PATH=E:\Program Files\Java\jdk1.6.0_43\jre\bin;E:\Program Files\apache-maven-3.0.5\bin;E:\Program Files\apache-ant-1.9.0\bin;C:\Windows\system32;C:\Windows;C:\Windows\System32\Wbem;C:\Windows\System32\WindowsPowerShell\v1.0\;C:\Program Files (x86)\Microsoft SQL Server\100\Tools\Binn\;C:\Program Files\Microsoft SQL Server\100\Tools\Binn\;C:\Program Files\Microsoft SQL Server\100\DTS\Binn\;E:\Program Files\Sublime Text;E:\MySQL55\bin;E:\Program Files\Git\cmd;E:\Program Files\TortoiseSVN\bin;C:\Program Files\Microsoft\Web Platform Installer\;C:\Program Files (x86)\Microsoft ASP.NET\ASP.NET Web Pages\v1.0\;E:\Program Files\Java\jdk1.6.0_43\bin;E:\Programming\atlassian-plugin-sdk\bin
USERNAME=DraggonZ
OS=Windows_NT
PROCESSOR_IDENTIFIER=Intel64 Family 6 Model 37 Stepping 2, GenuineIntel



---------------  S Y S T E M  ---------------

OS: Windows 7 , 64 bit Build 7600 

CPU:total 4 (2 cores per cpu, 2 threads per core) family 6 model 37 stepping 2, cmov, cx8, fxsr, mmx, sse, sse2, sse3, ssse3, sse4.1, sse4.2, popcnt, ht

Memory: 4k page, physical 8182460k(3118248k free), swap 16363024k(9543460k free)

vm_info: Java HotSpot(TM) 64-Bit Server VM (20.14-b01) for windows-amd64 JRE (1.6.0_43-b01), built on Mar  1 2013 01:52:33 by "java_re" with MS VC++ 8.0 (VS2005)

time: Sat Jun 29 17:00:24 2013
elapsed time: 1905 seconds

