#
# A fatal error has been detected by the Java Runtime Environment:
#
#  EXCEPTION_ACCESS_VIOLATION (0xc0000005) at pc=0x000000006da0bbcb, pid=6100, tid=1392
#
# JRE version: 6.0_43-b01
# Java VM: Java HotSpot(TM) 64-Bit Server VM (20.14-b01 mixed mode windows-amd64 compressed oops)
# Problematic frame:
# V  [jvm.dll+0x14bbcb]
#
# If you would like to submit a bug report, please visit:
#   http://java.sun.com/webapps/bugreport/crash.jsp
#

---------------  T H R E A D  ---------------

Current thread (0x0000000006943800):  JavaThread "JDWP Transport Listener: dt_socket" daemon [_thread_in_vm, id=1392, stack(0x0000000007360000,0x0000000007460000)]

siginfo: ExceptionCode=0xc0000005, reading address 0x0000000000000024

Registers:
RAX=0xfefefefefefefefe, RBX=0x000000000000001c, RCX=0x0000000006a1b420, RDX=0x0000000006943800
RSP=0x000000000745f760, RBP=0x0000000006a1b420, RSI=0x000000000745f840, RDI=0x00000000005c7ef0
R8 =0x000000000745f840, R9 =0x0000000000000001, R10=0x0000000000000000, R11=0x0000000000475d42
R12=0x0000000000000001, R13=0x0000000000000000, R14=0x0000000000000000, R15=0x0000000000000000
RIP=0x000000006da0bbcb, EFLAGS=0x0000000000010202

Top of Stack: (sp=0x000000000745f760)
0x000000000745f760:   0000000000000000 000000006d4e54d3
0x000000000745f770:   000000000745f970 000000006dbcd485
0x000000000745f780:   0000000006943800 000000006dbec6fa
0x000000000745f790:   0000000000000000 0000000006943800
0x000000000745f7a0:   000000000745f840 000000006d4e0d69
0x000000000745f7b0:   0000000006943800 0000000000000000
0x000000000745f7c0:   0000000000000000 0000000000000000
0x000000000745f7d0:   0000000000000001 000000006d4dff6e
0x000000000745f7e0:   000000000745f840 00000000069530d8
0x000000000745f7f0:   0000000000000001 0000000006a1b420
0x000000000745f800:   0000000000000001 0000000006a1b420
0x000000000745f810:   000000000745f970 000000006d4c4f64
0x000000000745f820:   000000000745f970 108b8e060a000000
0x000000000745f830:   0000000006a1b400 0000000000000000
0x000000000745f840:   0000000a0745f900 0000000000000000
0x000000000745f850:   0000000000000000 0000000000000000 

Instructions: (pc=0x000000006da0bbcb)
0x000000006da0bbab:   48 8b 19 48 85 db 74 4d 48 b8 fe fe fe fe fe fe
0x000000006da0bbbb:   fe fe 48 3b d8 74 3e 80 3d 07 2e 5f 00 00 74 16
0x000000006da0bbcb:   8b 43 08 0f b6 0d 6b d6 5b 00 48 d3 e0 48 03 05
0x000000006da0bbdb:   59 d6 5b 00 eb 04 48 8b 43 08 48 8b 50 10 48 8d 


Register to memory mapping:

RAX=0xfefefefefefefefe is an unknown value
RBX=0x000000000000001c is an unknown value
RCX=0x0000000006a1b420 is an unknown value
RDX=0x0000000006943800 is a thread
RSP=0x000000000745f760 is pointing into the stack for thread: 0x0000000006943800
RBP=0x0000000006a1b420 is an unknown value
RSI=0x000000000745f840 is pointing into the stack for thread: 0x0000000006943800
RDI=0x00000000005c7ef0 is an unknown value
R8 =0x000000000745f840 is pointing into the stack for thread: 0x0000000006943800
R9 =0x0000000000000001 is an unknown value
R10=0x0000000000000000 is an unknown value
R11=0x0000000000475d42 is an unknown value
R12=0x0000000000000001 is an unknown value
R13=0x0000000000000000 is an unknown value
R14=0x0000000000000000 is an unknown value
R15=0x0000000000000000 is an unknown value


Stack: [0x0000000007360000,0x0000000007460000],  sp=0x000000000745f760,  free space=1021k
Native frames: (J=compiled Java code, j=interpreted, Vv=VM code, C=native code)
V  [jvm.dll+0x14bbcb]


---------------  P R O C E S S  ---------------

Java Threads: ( => current thread )
  0x000000000696a800 JavaThread "Low Memory Detector" daemon [_thread_blocked, id=7896, stack(0x0000000007860000,0x0000000007960000)]
  0x0000000006965800 JavaThread "C2 CompilerThread1" daemon [_thread_blocked, id=3676, stack(0x0000000007760000,0x0000000007860000)]
  0x0000000006961800 JavaThread "C2 CompilerThread0" daemon [_thread_blocked, id=2324, stack(0x0000000007660000,0x0000000007760000)]
  0x0000000006950000 JavaThread "JDWP Command Reader" daemon [_thread_in_native, id=7172, stack(0x0000000007560000,0x0000000007660000)]
  0x000000000694f000 JavaThread "JDWP Event Helper Thread" daemon [_thread_blocked, id=7644, stack(0x0000000007460000,0x0000000007560000)]
=>0x0000000006943800 JavaThread "JDWP Transport Listener: dt_socket" daemon [_thread_in_vm, id=1392, stack(0x0000000007360000,0x0000000007460000)]
  0x000000000693d800 JavaThread "Attach Listener" daemon [_thread_blocked, id=120, stack(0x0000000006be0000,0x0000000006ce0000)]
  0x0000000006938800 JavaThread "Signal Dispatcher" daemon [_thread_blocked, id=8924, stack(0x0000000006ae0000,0x0000000006be0000)]
  0x000000000052e000 JavaThread "Finalizer" daemon [_thread_blocked, id=2848, stack(0x00000000067e0000,0x00000000068e0000)]
  0x0000000000527000 JavaThread "Reference Handler" daemon [_thread_blocked, id=10164, stack(0x00000000066e0000,0x00000000067e0000)]
  0x00000000005cd800 JavaThread "main" [_thread_blocked, id=7840, stack(0x0000000002410000,0x0000000002510000)]

Other Threads:
  0x0000000000520800 VMThread [stack: 0x00000000065e0000,0x00000000066e0000] [id=9236]
  0x000000000698d800 WatcherThread [stack: 0x0000000007960000,0x0000000007a60000] [id=1328]

VM state:not at safepoint (normal execution)

VM Mutex/Monitor currently owned by a thread: None

Heap
 PSYoungGen      total 37312K, used 1923K [0x00000007d6600000, 0x00000007d8fa0000, 0x0000000800000000)
  eden space 32000K, 6% used [0x00000007d6600000,0x00000007d67e0c40,0x00000007d8540000)
  from space 5312K, 0% used [0x00000007d8a70000,0x00000007d8a70000,0x00000007d8fa0000)
  to   space 5312K, 0% used [0x00000007d8540000,0x00000007d8540000,0x00000007d8a70000)
 PSOldGen        total 85248K, used 0K [0x0000000783200000, 0x0000000788540000, 0x00000007d6600000)
  object space 85248K, 0% used [0x0000000783200000,0x0000000783200000,0x0000000788540000)
 PSPermGen       total 21248K, used 3652K [0x000000077e000000, 0x000000077f4c0000, 0x0000000783200000)
  object space 21248K, 17% used [0x000000077e000000,0x000000077e391290,0x000000077f4c0000)

Code Cache  [0x0000000002510000, 0x0000000002780000, 0x0000000005510000)
 total_blobs=169 nmethods=3 adapters=128 free_code_cache=49943104 largest_free_block=18752

Dynamic libraries:
0x0000000000400000 - 0x000000000042f000 	E:\Program Files\Java\jdk1.6.0_43\bin\javaw.exe
0x0000000076fd0000 - 0x000000007717b000 	C:\Windows\SYSTEM32\ntdll.dll
0x0000000076eb0000 - 0x0000000076fcf000 	C:\Windows\system32\kernel32.dll
0x000007fefd1b0000 - 0x000007fefd21b000 	C:\Windows\system32\KERNELBASE.dll
0x000007fefd930000 - 0x000007fefda0b000 	C:\Windows\system32\ADVAPI32.dll
0x000007fefea00000 - 0x000007fefea9f000 	C:\Windows\system32\msvcrt.dll
0x000007fefec90000 - 0x000007fefecaf000 	C:\Windows\SYSTEM32\sechost.dll
0x000007fefeb40000 - 0x000007fefec6e000 	C:\Windows\system32\RPCRT4.dll
0x0000000076db0000 - 0x0000000076eaa000 	C:\Windows\system32\USER32.dll
0x000007feff0c0000 - 0x000007feff127000 	C:\Windows\system32\GDI32.dll
0x000007fefd6f0000 - 0x000007fefd6fe000 	C:\Windows\system32\LPK.dll
0x000007fefd860000 - 0x000007fefd92a000 	C:\Windows\system32\USP10.dll
0x000007feff2b0000 - 0x000007feff2de000 	C:\Windows\system32\IMM32.DLL
0x000007fefecc0000 - 0x000007fefedc9000 	C:\Windows\system32\MSCTF.dll
0x000000006d8c0000 - 0x000000006e07c000 	E:\Program Files\Java\jdk1.6.0_43\jre\bin\server\jvm.dll
0x000007fefb630000 - 0x000007fefb66b000 	C:\Windows\system32\WINMM.dll
0x000000006d830000 - 0x000000006d83e000 	E:\Program Files\Java\jdk1.6.0_43\jre\bin\verify.dll
0x000000006d450000 - 0x000000006d477000 	E:\Program Files\Java\jdk1.6.0_43\jre\bin\java.dll
0x000000006d4c0000 - 0x000000006d4f4000 	E:\Program Files\Java\jdk1.6.0_43\jre\bin\jdwp.dll
0x000000006d6e0000 - 0x000000006d6e8000 	E:\Program Files\Java\jdk1.6.0_43\jre\bin\npt.dll
0x000000006d880000 - 0x000000006d892000 	E:\Program Files\Java\jdk1.6.0_43\jre\bin\zip.dll
0x000000006d310000 - 0x000000006d319000 	E:\Program Files\Java\jdk1.6.0_43\jre\bin\dt_socket.dll
0x000007fefeea0000 - 0x000007fefeeed000 	C:\Windows\system32\WS2_32.dll
0x000007fefecb0000 - 0x000007fefecb8000 	C:\Windows\system32\NSI.dll
0x000007fefb1d0000 - 0x000007fefb1e5000 	C:\Windows\system32\NLAapi.dll
0x000007fefc7a0000 - 0x000007fefc7f4000 	C:\Windows\System32\mswsock.dll
0x000007fefc620000 - 0x000007fefc67b000 	C:\Windows\system32\DNSAPI.dll
0x000007fef6390000 - 0x000007fef639b000 	C:\Windows\System32\winrnr.dll
0x000007fef6360000 - 0x000007fef6375000 	C:\Windows\system32\napinsp.dll
0x000007fef6300000 - 0x000007fef6319000 	C:\Windows\system32\pnrpnsp.dll
0x000007fef62f0000 - 0x000007fef6300000 	C:\Windows\system32\wshbth.dll
0x000007feface0000 - 0x000007fefad07000 	C:\Windows\system32\IPHLPAPI.DLL
0x000007fefacc0000 - 0x000007fefaccb000 	C:\Windows\system32\WINNSI.DLL
0x000007fefac30000 - 0x000007fefac83000 	C:\Windows\System32\fwpuclnt.dll
0x000007fef6530000 - 0x000007fef6538000 	C:\Windows\system32\rasadhlp.dll
0x000007fefc170000 - 0x000007fefc177000 	C:\Windows\System32\wshtcpip.dll
0x00000000771a0000 - 0x00000000771a7000 	C:\Windows\system32\PSAPI.DLL

VM Arguments:
jvm_args: -agentlib:jdwp=transport=dt_socket,suspend=y,address=localhost:11240 -Dfile.encoding=UTF-8 
java_command: org.openmrs.EmbeddedSolrTest.App
Launcher Type: SUN_STANDARD

Environment Variables:
JAVA_HOME=E:\Program Files\Java\jdk1.6.0_43
JRE_HOME=E:\Program Files\Java\jdk1.6.0_43\jre
PATH=E:\Program Files\Java\jdk1.6.0_43\jre\bin;E:\Program Files\apache-maven-3.0.5\bin;E:\Program Files\apache-ant-1.9.0\bin;C:\Windows\system32;C:\Windows;C:\Windows\System32\Wbem;C:\Windows\System32\WindowsPowerShell\v1.0\;C:\Program Files (x86)\Microsoft SQL Server\100\Tools\Binn\;C:\Program Files\Microsoft SQL Server\100\Tools\Binn\;C:\Program Files\Microsoft SQL Server\100\DTS\Binn\;E:\Program Files\Sublime Text;E:\MySQL55\bin;E:\Program Files\Git\cmd;E:\Program Files\TortoiseSVN\bin;C:\Program Files\Microsoft\Web Platform Installer\;C:\Program Files (x86)\Microsoft ASP.NET\ASP.NET Web Pages\v1.0\;C:\Program Files\TortoiseGit\bin;E:\Program Files\Java\jdk1.6.0_43\bin;E:\Programming\atlassian-plugin-sdk\bin
USERNAME=DraggonZ
OS=Windows_NT
PROCESSOR_IDENTIFIER=Intel64 Family 6 Model 37 Stepping 2, GenuineIntel



---------------  S Y S T E M  ---------------

OS: Windows 7 , 64 bit Build 7600 

CPU:total 4 (2 cores per cpu, 2 threads per core) family 6 model 37 stepping 2, cmov, cx8, fxsr, mmx, sse, sse2, sse3, ssse3, sse4.1, sse4.2, popcnt, ht

Memory: 4k page, physical 8182460k(3677456k free), swap 16363024k(9076844k free)

vm_info: Java HotSpot(TM) 64-Bit Server VM (20.14-b01) for windows-amd64 JRE (1.6.0_43-b01), built on Mar  1 2013 01:52:33 by "java_re" with MS VC++ 8.0 (VS2005)

time: Mon Jul 15 22:16:37 2013
elapsed time: 2176 seconds

